<?xml version="1.0" encoding="UTF-8"?>
<testng-results ignored="0" total="1" passed="1" failed="0" skipped="0">
  <reporter-output>
  </reporter-output>
  <suite started-at="2023-04-25T11:11:32 HAE" name="Default suite" finished-at="2023-04-25T11:11:56 HAE" duration-ms="23803">
    <groups>
    </groups>
    <test started-at="2023-04-25T11:11:32 HAE" name="Default test" finished-at="2023-04-25T11:11:56 HAE" duration-ms="23803">
      <class name="Test_Cases.Test_exercice01">
        <test-method signature="test_endToend()[pri:0, instance:Test_Cases.Test_exercice01@942a29c]" started-at="2023-04-25T11:11:32 HAE" name="test_endToend" finished-at="2023-04-25T11:11:56 HAE" duration-ms="23763" status="PASS">
          <reporter-output>
          </reporter-output>
        </test-method> <!-- test_endToend -->
      </class> <!-- Test_Cases.Test_exercice01 -->
    </test> <!-- Default test -->
  </suite> <!-- Default suite -->
</testng-results>
